<?xml version="1.0" encoding="UTF-8"?>
<testng-results skipped="0" failed="0" total="1" passed="1">
  <reporter-output>
  </reporter-output>
  <suite name="Default suite" duration-ms="1229" started-at="2018-07-05T02:39:50Z" finished-at="2018-07-05T02:39:52Z">
    <groups>
    </groups>
    <test name="Default test" duration-ms="1229" started-at="2018-07-05T02:39:50Z" finished-at="2018-07-05T02:39:52Z">
      <class name="com.tops.normalTest.CheckPreferenceDetailTest">
        <test-method status="PASS" signature="CheckpreferencedetailTest(com.tops.testHelper.CaseInfo)[pri:0, instance:com.tops.normalTest.CheckPreferenceDetailTest@3e6fa38a]" name="CheckpreferencedetailTest" duration-ms="798" started-at="2018-07-05T10:39:51Z" data-provider="dataInfo" finished-at="2018-07-05T10:39:52Z">
          <params>
            <param index="0">
              <value>
                <![CDATA[com.tops.testHelper.CaseInfo@478190fc]]>
              </value>
            </param>
          </params>
          <reporter-output>
          </reporter-output>
        </test-method> <!-- CheckpreferencedetailTest -->
      </class> <!-- com.tops.normalTest.CheckPreferenceDetailTest -->
    </test> <!-- Default test -->

  </suite> <!-- Default suite -->
</testng-results>
